#
# A fatal error has been detected by the Java Runtime Environment:
#
#  EXCEPTION_ACCESS_VIOLATION (0xc0000005) at pc=0x00007ffe49378360, pid=8660, tid=0x0000000000002a4c
#
# JRE version: Java(TM) SE Runtime Environment (8.0_211-b12) (build 1.8.0_211-b12)
# Java VM: Java HotSpot(TM) 64-Bit Server VM (25.211-b12 mixed mode windows-amd64 compressed oops)
# Problematic frame:
# C  [glass.dll+0x28360]
#
# Failed to write core dump. Minidumps are not enabled by default on client versions of Windows
#
# If you would like to submit a bug report, please visit:
#   http://bugreport.java.com/bugreport/crash.jsp
#

---------------  T H R E A D  ---------------

Current thread (0x0000000017097800):  VMThread [stack: 0x0000000018140000,0x0000000018240000] [id=10828]

siginfo: ExceptionCode=0xc0000005, reading address 0x0000000000000000

Registers:
RAX=0x0000000000000000, RBX=0x0000000019308cc0, RCX=0x0000000017097800, RDX=0x0000000058e624d8
RSP=0x000000001823f410, RBP=0x000000000052c3a8, RSI=0x000000000052c380, RDI=0x0000482db1e6e5ec
R8 =0x0000000000010002, R9 =0x000000000000002c, R10=0x0000482db1e6e5ec, R11=0x000000001823f320
R12=0x0000000000000000, R13=0x0000000000000040, R14=0x000000001823f528, R15=0x000000000052c380
RIP=0x00007ffe49378360, EFLAGS=0x0000000000010202

Top of Stack: (sp=0x000000001823f410)
0x000000001823f410:   0000000000000000 00007ffe8d9f88db
0x000000001823f420:   000000000052c390 0000000000000000
0x000000001823f430:   fffffffffffffffe 00007ffe4938e1b0
0x000000001823f440:   000000000052c388 00007ffe8d9ffcb3
0x000000001823f450:   000000000052c390 0000000000000000
0x000000001823f460:   0000742480aa0c5b 00007ffe44a90000
0x000000001823f470:   fffffffffffffffe 00007ffe8d9ffb5d
0x000000001823f480:   0000000000000001 00007ffe49350000
0x000000001823f490:   0000000002221638 00007ffe493752e0
0x000000001823f4a0:   000000001823f518 00007ffe8d9ff967
0x000000001823f4b0:   0000000000000000 000000001823f528
0x000000001823f4c0:   0000000016fa5500 00007ffe8dada080
0x000000001823f4d0:   0000000000000000 00007ffe8d9ff924
0x000000001823f4e0:   0000000000000000 0000000000000001
0x000000001823f4f0:   0000000000000000 000000001823f518
0x000000001823f500:   0000000000000001 00007ffe4937514c 

Instructions: (pc=0x00007ffe49378360)
0x00007ffe49378340:   40 53 48 83 ec 30 48 c7 44 24 20 fe ff ff ff 48
0x00007ffe49378350:   8b 1d ca 87 01 00 48 85 db 74 16 e8 90 7f ff ff
0x00007ffe49378360:   4c 8b 00 48 8b d3 48 8b c8 41 ff 90 b0 00 00 00
0x00007ffe49378370:   90 48 83 c4 30 5b c3 cc cc cc cc cc cc cc cc cc 


Register to memory mapping:

RAX=0x0000000000000000 is an unknown value
RBX=0x0000000019308cc0 is a global jni handle
RCX=0x0000000017097800 is an unknown value
RDX=0x0000000058e624d8 is an unknown value
RSP=0x000000001823f410 is an unknown value
RBP=0x000000000052c3a8 is an unknown value
RSI=0x000000000052c380 is an unknown value
RDI=0x0000482db1e6e5ec is an unknown value
R8 =0x0000000000010002 is an unknown value
R9 =0x000000000000002c is an unknown value
R10=0x0000482db1e6e5ec is an unknown value
R11=0x000000001823f320 is an unknown value
R12=0x0000000000000000 is an unknown value
R13=0x0000000000000040 is an unknown value
R14=0x000000001823f528 is an unknown value
R15=0x000000000052c380 is an unknown value


Stack: [0x0000000018140000,0x0000000018240000],  sp=0x000000001823f410,  free space=1021k
Native frames: (J=compiled Java code, j=interpreted, Vv=VM code, C=native code)
C  [glass.dll+0x28360]
C  [ucrtbase.dll+0xfcb3]
C  [ucrtbase.dll+0xf967]
C  [ucrtbase.dll+0xf924]
C  [glass.dll+0x2514c]
C  [glass.dll+0x25290]
C  [ntdll.dll+0x3b583]
C  [ntdll.dll+0x47f85]
C  [ntdll.dll+0x47e48]
C  [KERNEL32.DLL+0x1ca7a]
C  [msvcr100.dll+0x20ccd]
V  [jvm.dll+0x2140d5]
V  [jvm.dll+0x24d5f7]
V  [jvm.dll+0x24c896]
V  [jvm.dll+0x24cd31]
V  [jvm.dll+0x24cf4e]
V  [jvm.dll+0x29fc6a]
C  [msvcr100.dll+0x21d9f]
C  [msvcr100.dll+0x21e3b]
C  [KERNEL32.DLL+0x14034]
C  [ntdll.dll+0x73691]

VM_Operation (0x000000001a5e76c0): Exit, mode: safepoint, requested by thread 0x0000000019316800


---------------  P R O C E S S  ---------------

Java Threads: ( => current thread )
  0x00000000194be800 JavaThread "Prism Font Disposer" daemon [_thread_blocked, id=14628, stack(0x00000000246d0000,0x00000000247d0000)]
  0x0000000019394000 JavaThread "Thread-3" daemon [_thread_in_native, id=2420, stack(0x0000000022e30000,0x0000000022f30000)]
  0x000000001938a000 JavaThread "JavaFX-Launcher" [_thread_blocked, id=1100, stack(0x0000000022f30000,0x0000000023030000)]
  0x0000000019316800 JavaThread "JavaFX Application Thread" [_thread_blocked, id=15088, stack(0x000000001a4f0000,0x000000001a5f0000)]
  0x0000000019316000 JavaThread "Thread-1" daemon [_thread_blocked, id=15760, stack(0x000000001a3f0000,0x000000001a4f0000)]
  0x0000000018b2c800 JavaThread "QuantumRenderer-0" daemon [_thread_blocked, id=9024, stack(0x0000000019b00000,0x0000000019c00000)]
  0x000000001711f000 JavaThread "Service Thread" daemon [_thread_blocked, id=9060, stack(0x0000000018f40000,0x0000000019040000)]
  0x000000001711e800 JavaThread "C1 CompilerThread2" daemon [_thread_blocked, id=10916, stack(0x0000000018e40000,0x0000000018f40000)]
  0x0000000018783000 JavaThread "C2 CompilerThread1" daemon [_thread_blocked, id=9360, stack(0x0000000018d40000,0x0000000018e40000)]
  0x0000000018782800 JavaThread "C2 CompilerThread0" daemon [_thread_blocked, id=15284, stack(0x0000000018c40000,0x0000000018d40000)]
  0x00000000170ef000 JavaThread "Monitor Ctrl-Break" daemon [_thread_in_native, id=10912, stack(0x0000000018b40000,0x0000000018c40000)]
  0x00000000170d8800 JavaThread "Attach Listener" daemon [_thread_blocked, id=7716, stack(0x0000000018640000,0x0000000018740000)]
  0x00000000170d6800 JavaThread "Signal Dispatcher" daemon [_thread_blocked, id=14116, stack(0x0000000018540000,0x0000000018640000)]
  0x000000000252c000 JavaThread "Finalizer" daemon [_thread_blocked, id=12916, stack(0x0000000018340000,0x0000000018440000)]
  0x0000000002523000 JavaThread "Reference Handler" daemon [_thread_blocked, id=10956, stack(0x0000000018240000,0x0000000018340000)]
  0x0000000002433800 JavaThread "main" [_thread_blocked, id=1452, stack(0x0000000002230000,0x0000000002330000)]

Other Threads:
=>0x0000000017097800 VMThread [stack: 0x0000000018140000,0x0000000018240000] [id=10828]

VM state:at safepoint (shutting down)

VM Mutex/Monitor currently owned by a thread:  ([mutex/lock_event])
[0x0000000002430bd0] Threads_lock - owner thread: 0x0000000017097800

heap address: 0x0000000080e00000, size: 2034 MB, Compressed Oops mode: 32-bit
Narrow klass base: 0x0000000000000000, Narrow klass shift: 3
Compressed class space size: 1073741824 Address: 0x0000000100000000

Heap:
 PSYoungGen      total 38400K, used 36447K [0x00000000d5a00000, 0x00000000d8480000, 0x0000000100000000)
  eden space 33280K, 98% used [0x00000000d5a00000,0x00000000d79dfe60,0x00000000d7a80000)
  from space 5120K, 74% used [0x00000000d7a80000,0x00000000d7e38040,0x00000000d7f80000)
  to   space 5120K, 0% used [0x00000000d7f80000,0x00000000d7f80000,0x00000000d8480000)
 ParOldGen       total 87552K, used 80K [0x0000000080e00000, 0x0000000086380000, 0x00000000d5a00000)
  object space 87552K, 0% used [0x0000000080e00000,0x0000000080e14010,0x0000000086380000)
 Metaspace       used 16653K, capacity 17354K, committed 17536K, reserved 1064960K
  class space    used 2191K, capacity 2359K, committed 2432K, reserved 1048576K

Card table byte_map: [0x00000000118f0000,0x0000000011cf0000] byte_map_base: 0x00000000114e9000

Marking Bits: (ParMarkBitMap*) 0x0000000059055ce0
 Begin Bits: [0x00000000123a0000, 0x0000000014368000)
 End Bits:   [0x0000000014368000, 0x0000000016330000)

Polling page: 0x0000000000420000

CodeCache: size=245760Kb used=8923Kb max_used=8942Kb free=236836Kb
 bounds [0x0000000002530000, 0x0000000002e00000, 0x0000000011530000]
 total_blobs=3565 nmethods=2926 adapters=551
 compilation: enabled

Compilation events (10 events):
Event: 34.942 Thread 0x000000001711e800 nmethod 2937 0x0000000002deced0 code [0x0000000002ded040, 0x0000000002ded408]
Event: 34.954 Thread 0x0000000018783000 nmethod 2936 0x000000000265b890 code [0x000000000265ba20, 0x000000000265bea8]
Event: 35.039 Thread 0x0000000018782800 2938   !   4       com.sun.javafx.tk.quantum.QuantumToolkit::runWithoutRenderLock (49 bytes)
Event: 35.048 Thread 0x0000000018782800 nmethod 2938 0x0000000002657e90 code [0x0000000002658020, 0x00000000026583a8]
Event: 35.083 Thread 0x0000000018783000 2939       4       com.sun.javafx.scene.input.PickResultChooser::processOffer (146 bytes)
Event: 35.088 Thread 0x0000000018783000 nmethod 2939 0x000000000263e310 code [0x000000000263e480, 0x000000000263e788]
Event: 35.299 Thread 0x0000000018782800 2940       4       javafx.scene.Node$$Lambda$122/1018016544::dispatchEvent (10 bytes)
Event: 35.324 Thread 0x0000000018782800 nmethod 2940 0x0000000002642150 code [0x0000000002642340, 0x00000000026429b0]
Event: 35.905 Thread 0x0000000018783000 2941       4       com.sun.javafx.event.EventRedirector::dispatchCapturingEvent (52 bytes)
Event: 35.909 Thread 0x0000000018783000 nmethod 2941 0x0000000002632150 code [0x00000000026322a0, 0x0000000002632418]

GC Heap History (2 events):
Event: 0.854 GC heap before
{Heap before GC invocations=1 (full 0):
 PSYoungGen      total 38400K, used 33280K [0x00000000d5a00000, 0x00000000d8480000, 0x0000000100000000)
  eden space 33280K, 100% used [0x00000000d5a00000,0x00000000d7a80000,0x00000000d7a80000)
  from space 5120K, 0% used [0x00000000d7f80000,0x00000000d7f80000,0x00000000d8480000)
  to   space 5120K, 0% used [0x00000000d7a80000,0x00000000d7a80000,0x00000000d7f80000)
 ParOldGen       total 87552K, used 0K [0x0000000080e00000, 0x0000000086380000, 0x00000000d5a00000)
  object space 87552K, 0% used [0x0000000080e00000,0x0000000080e00000,0x0000000086380000)
 Metaspace       used 12588K, capacity 13026K, committed 13184K, reserved 1060864K
  class space    used 1690K, capacity 1808K, committed 1920K, reserved 1048576K
Event: 0.857 GC heap after
Heap after GC invocations=1 (full 0):
 PSYoungGen      total 38400K, used 3808K [0x00000000d5a00000, 0x00000000d8480000, 0x0000000100000000)
  eden space 33280K, 0% used [0x00000000d5a00000,0x00000000d5a00000,0x00000000d7a80000)
  from space 5120K, 74% used [0x00000000d7a80000,0x00000000d7e38040,0x00000000d7f80000)
  to   space 5120K, 0% used [0x00000000d7f80000,0x00000000d7f80000,0x00000000d8480000)
 ParOldGen       total 87552K, used 80K [0x0000000080e00000, 0x0000000086380000, 0x00000000d5a00000)
  object space 87552K, 0% used [0x0000000080e00000,0x0000000080e14010,0x0000000086380000)
 Metaspace       used 12588K, capacity 13026K, committed 13184K, reserved 1060864K
  class space    used 1690K, capacity 1808K, committed 1920K, reserved 1048576K
}

Deoptimization events (10 events):
Event: 3.976 Thread 0x0000000019316800 Uncommon trap: reason=class_check action=maybe_recompile pc=0x0000000002a08a5c method=javafx.scene.Node.updateLocalToParentTransform()V @ 11
Event: 3.976 Thread 0x0000000019316800 Uncommon trap: reason=class_check action=maybe_recompile pc=0x0000000002a08a5c method=javafx.scene.Node.updateLocalToParentTransform()V @ 11
Event: 3.976 Thread 0x0000000019316800 Uncommon trap: reason=class_check action=maybe_recompile pc=0x0000000002a08a5c method=javafx.scene.Node.updateLocalToParentTransform()V @ 11
Event: 4.779 Thread 0x0000000019316800 Uncommon trap: reason=class_check action=maybe_recompile pc=0x0000000002a08a5c method=javafx.scene.Node.updateLocalToParentTransform()V @ 11
Event: 15.886 Thread 0x0000000019316800 Uncommon trap: reason=array_check action=maybe_recompile pc=0x0000000002c3ec04 method=com.sun.javafx.css.SimpleSelector.applies(Ljavafx/css/Styleable;[Ljava/util/Set;I)Z @ 37
Event: 15.886 Thread 0x0000000019316800 Uncommon trap: reason=array_check action=maybe_recompile pc=0x0000000002c3ec04 method=com.sun.javafx.css.SimpleSelector.applies(Ljavafx/css/Styleable;[Ljava/util/Set;I)Z @ 37
Event: 19.165 Thread 0x0000000019316800 Uncommon trap: reason=array_check action=maybe_recompile pc=0x0000000002c3ec04 method=com.sun.javafx.css.SimpleSelector.applies(Ljavafx/css/Styleable;[Ljava/util/Set;I)Z @ 37
Event: 19.165 Thread 0x0000000019316800 Uncommon trap: reason=array_check action=maybe_recompile pc=0x0000000002c3ec04 method=com.sun.javafx.css.SimpleSelector.applies(Ljavafx/css/Styleable;[Ljava/util/Set;I)Z @ 37
Event: 34.596 Thread 0x0000000019316800 Uncommon trap: reason=unstable_if action=reinterpret pc=0x0000000002c67670 method=javafx.scene.Node.impl_intersects(Lcom/sun/javafx/geom/PickRay;Lcom/sun/javafx/scene/input/PickResultChooser;)Z @ 17
Event: 34.598 Thread 0x0000000019316800 Uncommon trap: reason=unstable_if action=reinterpret pc=0x0000000002c26bf4 method=javafx.scene.Node.impl_intersects(Lcom/sun/javafx/geom/PickRay;Lcom/sun/javafx/scene/input/PickResultChooser;)Z @ 17

Classes redefined (0 events):
No events

Internal exceptions (10 events):
Event: 0.166 Thread 0x0000000002433800 Implicit null exception at 0x000000000264fe55 to 0x0000000002650019
Event: 0.503 Thread 0x0000000019316800 Exception <a 'java/lang/NullPointerException'> (0x00000000d6bb3200) thrown at [C:\re\workspace\8-2-build-windows-amd64-cygwin\jdk8u211\12973\hotspot\src\share\vm\interpreter\linkResolver.cpp, line 1185]
Event: 0.503 Thread 0x0000000019316800 Exception <a 'java/lang/NullPointerException'> (0x00000000d6bb3200) thrown at [C:\re\workspace\8-2-build-windows-amd64-cygwin\jdk8u211\12973\hotspot\src\share\vm\prims\jvm.cpp, line 1506]
Event: 0.546 Thread 0x0000000019316800 Exception <a 'java/lang/ArrayIndexOutOfBoundsException'> (0x00000000d6e17e88) thrown at [C:\re\workspace\8-2-build-windows-amd64-cygwin\jdk8u211\12973\hotspot\src\share\vm\runtime\sharedRuntime.cpp, line 605]
Event: 0.546 Thread 0x0000000019316800 Exception <a 'java/lang/ArrayIndexOutOfBoundsException'> (0x00000000d6e1a490) thrown at [C:\re\workspace\8-2-build-windows-amd64-cygwin\jdk8u211\12973\hotspot\src\share\vm\runtime\sharedRuntime.cpp, line 605]
Event: 0.546 Thread 0x0000000019316800 Exception <a 'java/lang/ArrayIndexOutOfBoundsException'> (0x00000000d6e1c338) thrown at [C:\re\workspace\8-2-build-windows-amd64-cygwin\jdk8u211\12973\hotspot\src\share\vm\runtime\sharedRuntime.cpp, line 605]
Event: 0.549 Thread 0x0000000019316800 Exception <a 'java/lang/ArrayIndexOutOfBoundsException'> (0x00000000d6e63260) thrown at [C:\re\workspace\8-2-build-windows-amd64-cygwin\jdk8u211\12973\hotspot\src\share\vm\runtime\sharedRuntime.cpp, line 605]
Event: 0.575 Thread 0x0000000019316800 Exception <a 'java/lang/ArrayIndexOutOfBoundsException'> (0x00000000d7071560) thrown at [C:\re\workspace\8-2-build-windows-amd64-cygwin\jdk8u211\12973\hotspot\src\share\vm\runtime\sharedRuntime.cpp, line 605]
Event: 0.660 Thread 0x0000000019316800 Exception <a 'java/io/FileNotFoundException'> (0x00000000d735ff60) thrown at [C:\re\workspace\8-2-build-windows-amd64-cygwin\jdk8u211\12973\hotspot\src\share\vm\prims\jni.cpp, line 710]
Event: 36.202 Thread 0x0000000026a50800 Exception <a 'java/lang/IllegalStateException'> (0x00000000d79c5378) thrown at [C:\re\workspace\8-2-build-windows-amd64-cygwin\jdk8u211\12973\hotspot\src\share\vm\prims\jvm.cpp, line 1506]

Events (10 events):
Event: 36.201 loading class java/util/IdentityHashMap$KeyIterator done
Event: 36.201 Thread 0x0000000026a50800 Thread added: 0x0000000026a50800
Event: 36.201 loading class com/sun/javafx/tk/quantum/QuantumRenderer
Event: 36.201 loading class com/sun/javafx/tk/quantum/QuantumRenderer done
Event: 36.202 loading class com/sun/javafx/tk/quantum/QuantumToolkit
Event: 36.202 loading class com/sun/javafx/tk/quantum/QuantumToolkit done
Event: 36.202 loading class com/sun/prism/ResourceFactoryListener
Event: 36.202 loading class com/sun/prism/ResourceFactoryListener done
Event: 36.202 Thread 0x0000000026a50800 Thread exited: 0x0000000026a50800
Event: 36.202 Executing VM operation: Exit


Dynamic libraries:
0x00007ff6dd900000 - 0x00007ff6dd937000 	C:\Program Files\Java\jdk1.8.0_211\bin\java.exe
0x00007ffe91290000 - 0x00007ffe91471000 	C:\WINDOWS\SYSTEM32\ntdll.dll
0x00007ffe8f5f0000 - 0x00007ffe8f6a1000 	C:\WINDOWS\System32\KERNEL32.DLL
0x00007ffe8d770000 - 0x00007ffe8d9e3000 	C:\WINDOWS\System32\KERNELBASE.dll
0x00007ffe8ea90000 - 0x00007ffe8eb31000 	C:\WINDOWS\System32\ADVAPI32.dll
0x00007ffe8e990000 - 0x00007ffe8ea2e000 	C:\WINDOWS\System32\msvcrt.dll
0x00007ffe8eb40000 - 0x00007ffe8eb9b000 	C:\WINDOWS\System32\sechost.dll
0x00007ffe8f2e0000 - 0x00007ffe8f404000 	C:\WINDOWS\System32\RPCRT4.dll
0x00007ffe8e710000 - 0x00007ffe8e8a0000 	C:\WINDOWS\System32\USER32.dll
0x00007ffe8ddf0000 - 0x00007ffe8de10000 	C:\WINDOWS\System32\win32u.dll
0x00007ffe8f440000 - 0x00007ffe8f468000 	C:\WINDOWS\System32\GDI32.dll
0x00007ffe8e570000 - 0x00007ffe8e701000 	C:\WINDOWS\System32\gdi32full.dll
0x00007ffe8d6d0000 - 0x00007ffe8d76f000 	C:\WINDOWS\System32\msvcp_win.dll
0x00007ffe8d9f0000 - 0x00007ffe8dae8000 	C:\WINDOWS\System32\ucrtbase.dll
0x00007ffe85500000 - 0x00007ffe85769000 	C:\WINDOWS\WinSxS\amd64_microsoft.windows.common-controls_6595b64144ccf1df_6.0.17134.1425_none_d3fdcfc37c922690\COMCTL32.dll
0x00007ffe8ee00000 - 0x00007ffe8f121000 	C:\WINDOWS\System32\combase.dll
0x00007ffe8d650000 - 0x00007ffe8d6c9000 	C:\WINDOWS\System32\bcryptPrimitives.dll
0x00007ffe8f130000 - 0x00007ffe8f15d000 	C:\WINDOWS\System32\IMM32.DLL
0x00000000590e0000 - 0x00000000591b2000 	C:\Program Files\Java\jdk1.8.0_211\jre\bin\msvcr100.dll
0x0000000058830000 - 0x00000000590d5000 	C:\Program Files\Java\jdk1.8.0_211\jre\bin\server\jvm.dll
0x00007ffe8f5e0000 - 0x00007ffe8f5e8000 	C:\WINDOWS\System32\PSAPI.DLL
0x00007ffe71010000 - 0x00007ffe71019000 	C:\WINDOWS\SYSTEM32\WSOCK32.dll
0x00007ffe8b670000 - 0x00007ffe8b693000 	C:\WINDOWS\SYSTEM32\WINMM.dll
0x00007ffe90da0000 - 0x00007ffe90e0c000 	C:\WINDOWS\System32\WS2_32.dll
0x00007ffe89550000 - 0x00007ffe8955a000 	C:\WINDOWS\SYSTEM32\VERSION.dll
0x00007ffe8b640000 - 0x00007ffe8b66a000 	C:\WINDOWS\SYSTEM32\winmmbase.dll
0x00007ffe8e520000 - 0x00007ffe8e569000 	C:\WINDOWS\System32\cfgmgr32.dll
0x00007ffe83de0000 - 0x00007ffe83def000 	C:\Program Files\Java\jdk1.8.0_211\jre\bin\verify.dll
0x00007ffe817c0000 - 0x00007ffe817e9000 	C:\Program Files\Java\jdk1.8.0_211\jre\bin\java.dll
0x00007ffe6d7f0000 - 0x00007ffe6d813000 	C:\Program Files\Java\jdk1.8.0_211\jre\bin\instrument.dll
0x00007ffe817a0000 - 0x00007ffe817b6000 	C:\Program Files\Java\jdk1.8.0_211\jre\bin\zip.dll
0x00007ffe8f950000 - 0x00007ffe90d95000 	C:\WINDOWS\System32\SHELL32.dll
0x00007ffe8ed50000 - 0x00007ffe8edf9000 	C:\WINDOWS\System32\shcore.dll
0x00007ffe8de10000 - 0x00007ffe8e520000 	C:\WINDOWS\System32\windows.storage.dll
0x00007ffe8ea30000 - 0x00007ffe8ea81000 	C:\WINDOWS\System32\shlwapi.dll
0x00007ffe8d610000 - 0x00007ffe8d621000 	C:\WINDOWS\System32\kernel.appcore.dll
0x00007ffe8d630000 - 0x00007ffe8d64f000 	C:\WINDOWS\System32\profapi.dll
0x00007ffe8d5b0000 - 0x00007ffe8d5fc000 	C:\WINDOWS\System32\powrprof.dll
0x00007ffe8d600000 - 0x00007ffe8d60a000 	C:\WINDOWS\System32\FLTLIB.DLL
0x00007ffe7e990000 - 0x00007ffe7e9aa000 	E:\JetBrains\IntelliJ IDEA Community Edition 2019.2.2\bin\breakgen64.dll
0x00007ffe6d5f0000 - 0x00007ffe6d60a000 	C:\Program Files\Java\jdk1.8.0_211\jre\bin\net.dll
0x00007ffe812d0000 - 0x00007ffe8149b000 	C:\WINDOWS\SYSTEM32\urlmon.dll
0x00007ffe82660000 - 0x00007ffe82907000 	C:\WINDOWS\SYSTEM32\iertutil.dll
0x00007ffe8cf80000 - 0x00007ffe8cf8b000 	C:\WINDOWS\SYSTEM32\CRYPTBASE.DLL
0x00007ffe8cdb0000 - 0x00007ffe8ce16000 	C:\WINDOWS\system32\mswsock.dll
0x00000000004b0000 - 0x00000000004b3000 	C:\Program Files\Java\jdk1.8.0_211\jre\bin\api-ms-win-core-console-l1-1-0.dll
0x0000000002170000 - 0x0000000002173000 	C:\Program Files\Java\jdk1.8.0_211\jre\bin\api-ms-win-core-datetime-l1-1-0.dll
0x0000000002180000 - 0x0000000002183000 	C:\Program Files\Java\jdk1.8.0_211\jre\bin\api-ms-win-core-debug-l1-1-0.dll
0x0000000002190000 - 0x0000000002193000 	C:\Program Files\Java\jdk1.8.0_211\jre\bin\api-ms-win-core-errorhandling-l1-1-0.dll
0x00000000021a0000 - 0x00000000021a4000 	C:\Program Files\Java\jdk1.8.0_211\jre\bin\api-ms-win-core-file-l1-1-0.dll
0x00000000021b0000 - 0x00000000021b3000 	C:\Program Files\Java\jdk1.8.0_211\jre\bin\api-ms-win-core-file-l1-2-0.dll
0x00000000021c0000 - 0x00000000021c3000 	C:\Program Files\Java\jdk1.8.0_211\jre\bin\api-ms-win-core-file-l2-1-0.dll
0x00000000021d0000 - 0x00000000021d3000 	C:\Program Files\Java\jdk1.8.0_211\jre\bin\api-ms-win-core-handle-l1-1-0.dll
0x00000000021e0000 - 0x00000000021e3000 	C:\Program Files\Java\jdk1.8.0_211\jre\bin\api-ms-win-core-heap-l1-1-0.dll
0x00000000021f0000 - 0x00000000021f3000 	C:\Program Files\Java\jdk1.8.0_211\jre\bin\api-ms-win-core-interlocked-l1-1-0.dll
0x0000000002200000 - 0x0000000002203000 	C:\Program Files\Java\jdk1.8.0_211\jre\bin\api-ms-win-core-libraryloader-l1-1-0.dll
0x0000000002210000 - 0x0000000002213000 	C:\Program Files\Java\jdk1.8.0_211\jre\bin\api-ms-win-core-localization-l1-2-0.dll
0x0000000019140000 - 0x0000000019143000 	C:\Program Files\Java\jdk1.8.0_211\jre\bin\api-ms-win-core-memory-l1-1-0.dll
0x0000000019150000 - 0x0000000019153000 	C:\Program Files\Java\jdk1.8.0_211\jre\bin\api-ms-win-core-namedpipe-l1-1-0.dll
0x0000000019160000 - 0x0000000019163000 	C:\Program Files\Java\jdk1.8.0_211\jre\bin\api-ms-win-core-processenvironment-l1-1-0.dll
0x0000000019170000 - 0x0000000019173000 	C:\Program Files\Java\jdk1.8.0_211\jre\bin\api-ms-win-core-processthreads-l1-1-0.dll
0x0000000019180000 - 0x0000000019183000 	C:\Program Files\Java\jdk1.8.0_211\jre\bin\api-ms-win-core-processthreads-l1-1-1.dll
0x0000000019190000 - 0x0000000019193000 	C:\Program Files\Java\jdk1.8.0_211\jre\bin\api-ms-win-core-profile-l1-1-0.dll
0x00000000191a0000 - 0x00000000191a3000 	C:\Program Files\Java\jdk1.8.0_211\jre\bin\api-ms-win-core-rtlsupport-l1-1-0.dll
0x00000000191b0000 - 0x00000000191b3000 	C:\Program Files\Java\jdk1.8.0_211\jre\bin\api-ms-win-core-string-l1-1-0.dll
0x00000000191c0000 - 0x00000000191c3000 	C:\Program Files\Java\jdk1.8.0_211\jre\bin\api-ms-win-core-synch-l1-1-0.dll
0x00000000191d0000 - 0x00000000191d3000 	C:\Program Files\Java\jdk1.8.0_211\jre\bin\api-ms-win-core-synch-l1-2-0.dll
0x00000000191e0000 - 0x00000000191e3000 	C:\Program Files\Java\jdk1.8.0_211\jre\bin\api-ms-win-core-sysinfo-l1-1-0.dll
0x00000000191f0000 - 0x00000000191f3000 	C:\Program Files\Java\jdk1.8.0_211\jre\bin\api-ms-win-core-timezone-l1-1-0.dll
0x0000000019200000 - 0x0000000019203000 	C:\Program Files\Java\jdk1.8.0_211\jre\bin\api-ms-win-core-util-l1-1-0.dll
0x0000000019210000 - 0x0000000019213000 	C:\Program Files\Java\jdk1.8.0_211\jre\bin\api-ms-win-crt-conio-l1-1-0.dll
0x0000000019220000 - 0x0000000019224000 	C:\Program Files\Java\jdk1.8.0_211\jre\bin\api-ms-win-crt-convert-l1-1-0.dll
0x0000000019230000 - 0x0000000019233000 	C:\Program Files\Java\jdk1.8.0_211\jre\bin\api-ms-win-crt-environment-l1-1-0.dll
0x0000000019240000 - 0x0000000019243000 	C:\Program Files\Java\jdk1.8.0_211\jre\bin\api-ms-win-crt-filesystem-l1-1-0.dll
0x0000000019250000 - 0x0000000019253000 	C:\Program Files\Java\jdk1.8.0_211\jre\bin\api-ms-win-crt-heap-l1-1-0.dll
0x0000000019260000 - 0x0000000019263000 	C:\Program Files\Java\jdk1.8.0_211\jre\bin\api-ms-win-crt-locale-l1-1-0.dll
0x0000000019270000 - 0x0000000019275000 	C:\Program Files\Java\jdk1.8.0_211\jre\bin\api-ms-win-crt-math-l1-1-0.dll
0x0000000019280000 - 0x0000000019285000 	C:\Program Files\Java\jdk1.8.0_211\jre\bin\api-ms-win-crt-multibyte-l1-1-0.dll
0x0000000019290000 - 0x00000000192a0000 	C:\Program Files\Java\jdk1.8.0_211\jre\bin\api-ms-win-crt-private-l1-1-0.dll
0x00000000192a0000 - 0x00000000192a3000 	C:\Program Files\Java\jdk1.8.0_211\jre\bin\api-ms-win-crt-process-l1-1-0.dll
0x00000000192b0000 - 0x00000000192b4000 	C:\Program Files\Java\jdk1.8.0_211\jre\bin\api-ms-win-crt-runtime-l1-1-0.dll
0x00000000192c0000 - 0x00000000192c4000 	C:\Program Files\Java\jdk1.8.0_211\jre\bin\api-ms-win-crt-stdio-l1-1-0.dll
0x00000000192d0000 - 0x00000000192d4000 	C:\Program Files\Java\jdk1.8.0_211\jre\bin\api-ms-win-crt-string-l1-1-0.dll
0x00000000192e0000 - 0x00000000192e3000 	C:\Program Files\Java\jdk1.8.0_211\jre\bin\api-ms-win-crt-time-l1-1-0.dll
0x00000000192f0000 - 0x00000000192f3000 	C:\Program Files\Java\jdk1.8.0_211\jre\bin\api-ms-win-crt-utility-l1-1-0.dll
0x00007ffe493a0000 - 0x00007ffe49496000 	C:\Program Files\Java\jdk1.8.0_211\jre\bin\ucrtbase.dll
0x00007ffe6d5d0000 - 0x00007ffe6d5e6000 	C:\Program Files\Java\jdk1.8.0_211\jre\bin\vcruntime140.dll
0x00007ffe49830000 - 0x00007ffe498da000 	C:\Program Files\Java\jdk1.8.0_211\jre\bin\msvcp140.dll
0x00007ffe4cde0000 - 0x00007ffe4ce34000 	C:\Program Files\Java\jdk1.8.0_211\jre\bin\concrt140.dll
0x00007ffe546e0000 - 0x00007ffe54703000 	C:\Program Files\Java\jdk1.8.0_211\jre\bin\prism_d3d.dll
0x00007ffe86a90000 - 0x00007ffe86c27000 	C:\WINDOWS\system32\d3d9.dll
0x00007ffe8ba90000 - 0x00007ffe8bab9000 	C:\WINDOWS\SYSTEM32\dwmapi.dll
0x00007ffe8b930000 - 0x00007ffe8b9c8000 	C:\WINDOWS\system32\uxtheme.dll
0x00007ffe8daf0000 - 0x00007ffe8dcd2000 	C:\WINDOWS\System32\crypt32.dll
0x00007ffe8d590000 - 0x00007ffe8d5a2000 	C:\WINDOWS\System32\MSASN1.dll
0x00007ffe89520000 - 0x00007ffe8954e000 	C:\WINDOWS\SYSTEM32\cryptnet.dll
0x00007ffe8dce0000 - 0x00007ffe8dd37000 	C:\WINDOWS\System32\WINTRUST.DLL
0x00007ffe8f410000 - 0x00007ffe8f42d000 	C:\WINDOWS\System32\imagehlp.dll
0x00007ffe8cf60000 - 0x00007ffe8cf77000 	C:\WINDOWS\SYSTEM32\CRYPTSP.dll
0x00007ffe8c960000 - 0x00007ffe8c993000 	C:\WINDOWS\system32\rsaenh.dll
0x00007ffe8d090000 - 0x00007ffe8d0b5000 	C:\WINDOWS\SYSTEM32\bcrypt.dll
0x00007ffe49350000 - 0x00007ffe49399000 	C:\Program Files\Java\jdk1.8.0_211\jre\bin\glass.dll
0x00007ffe8e8a0000 - 0x00007ffe8e98d000 	C:\WINDOWS\System32\COMDLG32.dll
0x00007ffe8f6b0000 - 0x00007ffe8f801000 	C:\WINDOWS\System32\ole32.dll
0x00007ffe8f470000 - 0x00007ffe8f532000 	C:\WINDOWS\System32\OLEAUT32.dll
0x00007ffe8f160000 - 0x00007ffe8f2d3000 	C:\WINDOWS\System32\MSCTF.dll
0x00007ffe44a90000 - 0x00007ffe44d54000 	C:\WINDOWS\system32\nvspcap64.dll
0x00007ffe8c730000 - 0x00007ffe8c761000 	C:\WINDOWS\SYSTEM32\ntmarta.dll
0x00007ffe8c050000 - 0x00007ffe8c072000 	C:\WINDOWS\SYSTEM32\gpapi.dll
0x00007ffe6cef0000 - 0x00007ffe6cf04000 	C:\Program Files\Java\jdk1.8.0_211\jre\bin\javafx_font.dll
0x00007ffe71d60000 - 0x00007ffe7207a000 	C:\WINDOWS\SYSTEM32\dwrite.dll
0x00007ffe8f540000 - 0x00007ffe8f5e0000 	C:\WINDOWS\System32\clbcatq.dll
0x00007ffe86c30000 - 0x00007ffe86dde000 	C:\WINDOWS\SYSTEM32\WindowsCodecs.dll
0x00007ffe588a0000 - 0x00007ffe588f8000 	C:\WINDOWS\system32\dataexchange.dll
0x00007ffe8aea0000 - 0x00007ffe8b03c000 	C:\WINDOWS\system32\dcomp.dll
0x00007ffe8c3d0000 - 0x00007ffe8c48b000 	C:\WINDOWS\system32\dxgi.dll
0x00007ffe89f10000 - 0x00007ffe8a21b000 	C:\WINDOWS\system32\d3d11.dll
0x00007ffe8bb70000 - 0x00007ffe8bd28000 	C:\WINDOWS\system32\twinapi.appcore.dll
0x00007ffe8ba10000 - 0x00007ffe8ba31000 	C:\WINDOWS\system32\RMCLIENT.dll
0x00007ffe51150000 - 0x00007ffe51184000 	C:\Program Files\Common Files\Microsoft Shared\Ink\rtscom.dll
0x00007ffe84180000 - 0x00007ffe84216000 	C:\WINDOWS\System32\TextInputFramework.dll
0x00007ffe864f0000 - 0x00007ffe8680e000 	C:\WINDOWS\System32\CoreUIComponents.dll
0x00007ffe8ac90000 - 0x00007ffe8ad6a000 	C:\WINDOWS\System32\CoreMessaging.dll
0x00007ffe88110000 - 0x00007ffe8825d000 	C:\WINDOWS\SYSTEM32\wintypes.dll
0x00007ffe8a6c0000 - 0x00007ffe8ac87000 	C:\WINDOWS\SYSTEM32\d2d1.dll
0x00007ffe3f8f0000 - 0x00007ffe4006e000 	C:\WINDOWS\SYSTEM32\D3D10Warp.dll
0x00007ffe6a3e0000 - 0x00007ffe6a3f1000 	C:\Program Files\Java\jdk1.8.0_211\jre\bin\prism_common.dll
0x00007ffe80410000 - 0x00007ffe805d9000 	C:\WINDOWS\SYSTEM32\dbghelp.dll

VM Arguments:
jvm_args: -javaagent:E:\JetBrains\IntelliJ IDEA Community Edition 2019.2.2\lib\idea_rt.jar=8684:E:\JetBrains\IntelliJ IDEA Community Edition 2019.2.2\bin -Dfile.encoding=UTF-8 
java_command: sample.Main
java_class_path (initial): C:\Program Files\Java\jdk1.8.0_211\jre\lib\charsets.jar;C:\Program Files\Java\jdk1.8.0_211\jre\lib\deploy.jar;C:\Program Files\Java\jdk1.8.0_211\jre\lib\ext\access-bridge-64.jar;C:\Program Files\Java\jdk1.8.0_211\jre\lib\ext\cldrdata.jar;C:\Program Files\Java\jdk1.8.0_211\jre\lib\ext\dnsns.jar;C:\Program Files\Java\jdk1.8.0_211\jre\lib\ext\jaccess.jar;C:\Program Files\Java\jdk1.8.0_211\jre\lib\ext\jfxrt.jar;C:\Program Files\Java\jdk1.8.0_211\jre\lib\ext\localedata.jar;C:\Program Files\Java\jdk1.8.0_211\jre\lib\ext\nashorn.jar;C:\Program Files\Java\jdk1.8.0_211\jre\lib\ext\sunec.jar;C:\Program Files\Java\jdk1.8.0_211\jre\lib\ext\sunjce_provider.jar;C:\Program Files\Java\jdk1.8.0_211\jre\lib\ext\sunmscapi.jar;C:\Program Files\Java\jdk1.8.0_211\jre\lib\ext\sunpkcs11.jar;C:\Program Files\Java\jdk1.8.0_211\jre\lib\ext\zipfs.jar;C:\Program Files\Java\jdk1.8.0_211\jre\lib\javaws.jar;C:\Program Files\Java\jdk1.8.0_211\jre\lib\jce.jar;C:\Program Files\Java\jdk1.8.0_211\jre\lib\jfr.jar;C:\Program Files\Java\jdk1.8.0_211\jre\lib\jfxswt.jar;C:\Program Files\Java\jdk1.8.0_211\jre\lib\jsse.jar;C:\Program Files\Java\jdk1.8.0_211\jre\lib\management-agent.jar;C:\Program Files\Java\jdk1.8.0_211\jre\lib\plugin.jar;C:\Program Files\Java\jdk1.8.0_211\jre\lib\resources.jar;C:\Program Files\Java\jdk1.8.0_211\jre\lib\rt.jar;E:\Jarnix.Dev\FirstMilion\out\production\FirstMilion;E:\JetBrains\IntelliJ IDEA Community Edition 2019.2.2\lib\idea_rt.jar
Launcher Type: SUN_STANDARD

Environment Variables:
JAVA_HOME=C:\Program Files\Java\jdk1.8.0_211
PATH=C:\Program Files (x86)\Embarcadero\Studio\20.0\bin;C:\Users\Public\Documents\Embarcadero\Studio\20.0\Bpl;C:\Program Files (x86)\Embarcadero\Studio\20.0\bin64;C:\Users\Public\Documents\Embarcadero\Studio\20.0\Bpl\Win64;C:\Program Files (x86)\Embarcadero\Studio\19.0\bin;C:\Users\Public\Documents\Embarcadero\Studio\19.0\Bpl;C:\Program Files (x86)\Embarcadero\Studio\19.0\bin64;C:\Users\Public\Documents\Embarcadero\Studio\19.0\Bpl\Win64;C:\Program Files (x86)\Common Files\Oracle\Java\javapath;C:\Program Files\Microsoft MPI\Bin\;C:\WINDOWS\system32;C:\WINDOWS;C:\WINDOWS\System32\Wbem;C:\WINDOWS\System32\WindowsPowerShell\v1.0\;C:\Program Files (x86)\NVIDIA Corporation\PhysX\Common;C:\WINDOWS\system32;C:\WINDOWS;C:\WINDOWS\System32\Wbem;C:\WINDOWS\System32\WindowsPowerShell\v1.0\;C:\WINDOWS\System32\OpenSSH\;C:\Program Files\dotnet\;C:\Program Files\Microsoft SQL Server\130\Tools\Binn\;C:\Users\Антон\.dnx\bin;C:\Program Files\Microsoft DNX\Dnvm\;C:\Program Files\Microsoft SQL Server\120\Tools\Binn\;C:\Program Files\NVIDIA Corporation\NVIDIA NvDLISR;C:\Program Files\Java\jdk1.8.0_211\bin;E:\Jarnix.Dev\android.dev\Android\adt-bundle-windows-x86_64-20140702\sdk\tools;E:\Jarnix.Dev\android.dev\Android\adt-bundle-windows-x86_64-20140702\sdk\platform-tools;E:\qt\bin;E:\Jarnix.Dev\Delphi7\Bin;E:\Jarnix.Dev\Delphi7\Projects\Bpl;C:\Program Files\MySQL\MySQL Shell 8.0\bin\;E:\RailsInstaller\Ruby2.3.3\bin;E:\Ruby26-x64\bin;C:\Users\Антон\AppData\Local\Microsoft\WindowsApps;C:\Users\Антон\AppData\Local\atom\bin
USERNAME=Антон
OS=Windows_NT
PROCESSOR_IDENTIFIER=Intel64 Family 6 Model 158 Stepping 9, GenuineIntel



---------------  S Y S T E M  ---------------

OS: Windows 10.0 , 64 bit Build 17134 (10.0.17134.1425)

CPU:total 4 (initial active 4) (4 cores per cpu, 1 threads per core) family 6 model 158 stepping 9, cmov, cx8, fxsr, mmx, sse, sse2, sse3, ssse3, sse4.1, sse4.2, popcnt, avx, avx2, aes, clmul, erms, 3dnowpref, lzcnt, tsc, tscinvbit, bmi1, bmi2, adx

Memory: 4k page, physical 8330496k(3273148k free), swap 16660992k(6826724k free)

vm_info: Java HotSpot(TM) 64-Bit Server VM (25.211-b12) for windows-amd64 JRE (1.8.0_211-b12), built on Apr  1 2019 20:53:26 by "java_re" with MS VC++ 10.0 (VS2010)

time: Fri May 01 20:54:08 2020
timezone: Финляндия (лето)
elapsed time: 36 seconds (0d 0h 0m 36s)

